# JRE version: OpenJDK Runtime Environment Microsoft-8035246 (17.0.8+7) (build 17.0.8+7-LTS)
# Java VM: OpenJDK 64-Bit Server VM Microsoft-8035246 (17.0.8+7-LTS, mixed mode, sharing, tiered, compressed oops, compressed class ptrs, g1 gc, windows-amd64)
GC Precious Log:
 CPUs: 16 total, 16 available
 Memory: 16109M
 Large Page Support: Disabled
 NUMA Support: Disabled
 Compressed Oops: Enabled (32-bit)
 Heap Region Size: 1M
 Heap Min Capacity: 8M
 Heap Initial Capacity: 252M
 Heap Max Capacity: 2G
 Pre-touch: Disabled
 Parallel Workers: 13
 Concurrent Workers: 3
 Concurrent Refinement Workers: 13
 Periodic GC: Disabled
Heap:
 garbage-first heap   total 220160K, used 183891K [0x0000000080000000, 0x0000000100000000)
  region size 1024K, 61 young (62464K), 8 survivors (8192K)
 Metaspace       used 106519K, committed 107648K, reserved 557056K
  class space    used 14823K, committed 15360K, reserved 425984K
GC Heap History (20 events):
Event: 19.026 GC heap before
{Heap before GC invocations=35 (full 0):
 garbage-first heap   total 166912K, used 132252K [0x0000000080000000, 0x0000000100000000)
  region size 1024K, 49 young (50176K), 5 survivors (5120K)
 Metaspace       used 79534K, committed 80448K, reserved 557056K
  class space    used 11041K, committed 11456K, reserved 425984K
}
Event: 19.036 GC heap after
{Heap after GC invocations=36 (full 0):
 garbage-first heap   total 166912K, used 89080K [0x0000000080000000, 0x0000000100000000)
  region size 1024K, 5 young (5120K), 5 survivors (5120K)
 Metaspace       used 79534K, committed 80448K, reserved 557056K
  class space    used 11041K, committed 11456K, reserved 425984K
}
Event: 19.435 GC heap before
{Heap before GC invocations=36 (full 0):
 garbage-first heap   total 166912K, used 139256K [0x0000000080000000, 0x0000000100000000)
  region size 1024K, 49 young (50176K), 5 survivors (5120K)
 Metaspace       used 79623K, committed 80512K, reserved 557056K
  class space    used 11056K, committed 11456K, reserved 425984K
}
Event: 19.442 GC heap after
{Heap after GC invocations=37 (full 0):
 garbage-first heap   total 166912K, used 99504K [0x0000000080000000, 0x0000000100000000)
  region size 1024K, 7 young (7168K), 7 survivors (7168K)
 Metaspace       used 79623K, committed 80512K, reserved 557056K
  class space    used 11056K, committed 11456K, reserved 425984K
}
Event: 19.877 GC heap before
{Heap before GC invocations=37 (full 0):
 garbage-first heap   total 166912K, used 134320K [0x0000000080000000, 0x0000000100000000)
  region size 1024K, 41 young (41984K), 7 survivors (7168K)
 Metaspace       used 81981K, committed 82880K, reserved 557056K
  class space    used 11348K, committed 11776K, reserved 425984K
}
Event: 19.883 GC heap after
{Heap after GC invocations=38 (full 0):
 garbage-first heap   total 220160K, used 103025K [0x0000000080000000, 0x0000000100000000)
  region size 1024K, 3 young (3072K), 3 survivors (3072K)
 Metaspace       used 81981K, committed 82880K, reserved 557056K
  class space    used 11348K, committed 11776K, reserved 425984K
}
Event: 20.795 GC heap before
{Heap before GC invocations=38 (full 0):
 garbage-first heap   total 220160K, used 174705K [0x0000000080000000, 0x0000000100000000)
  region size 1024K, 68 young (69632K), 3 survivors (3072K)
 Metaspace       used 86041K, committed 86976K, reserved 557056K
  class space    used 11834K, committed 12288K, reserved 425984K
}
Event: 20.799 GC heap after
{Heap after GC invocations=39 (full 0):
 garbage-first heap   total 220160K, used 108415K [0x0000000080000000, 0x0000000100000000)
  region size 1024K, 7 young (7168K), 7 survivors (7168K)
 Metaspace       used 86041K, committed 86976K, reserved 557056K
  class space    used 11834K, committed 12288K, reserved 425984K
}
Event: 21.721 GC heap before
{Heap before GC invocations=39 (full 0):
 garbage-first heap   total 220160K, used 174975K [0x0000000080000000, 0x0000000100000000)
  region size 1024K, 70 young (71680K), 7 survivors (7168K)
 Metaspace       used 90341K, committed 91264K, reserved 557056K
  class space    used 12420K, committed 12864K, reserved 425984K
}
Event: 21.731 GC heap after
{Heap after GC invocations=40 (full 0):
 garbage-first heap   total 220160K, used 113427K [0x0000000080000000, 0x0000000100000000)
  region size 1024K, 3 young (3072K), 3 survivors (3072K)
 Metaspace       used 90341K, committed 91264K, reserved 557056K
  class space    used 12420K, committed 12864K, reserved 425984K
}
Event: 22.581 GC heap before
{Heap before GC invocations=40 (full 0):
 garbage-first heap   total 220160K, used 176915K [0x0000000080000000, 0x0000000100000000)
  region size 1024K, 65 young (66560K), 3 survivors (3072K)
 Metaspace       used 93114K, committed 94144K, reserved 557056K
  class space    used 12830K, committed 13312K, reserved 425984K
}
Event: 22.585 GC heap after
{Heap after GC invocations=41 (full 0):
 garbage-first heap   total 220160K, used 116372K [0x0000000080000000, 0x0000000100000000)
  region size 1024K, 6 young (6144K), 6 survivors (6144K)
 Metaspace       used 93114K, committed 94144K, reserved 557056K
  class space    used 12830K, committed 13312K, reserved 425984K
}
Event: 23.443 GC heap before
{Heap before GC invocations=41 (full 0):
 garbage-first heap   total 220160K, used 179860K [0x0000000080000000, 0x0000000100000000)
  region size 1024K, 68 young (69632K), 6 survivors (6144K)
 Metaspace       used 95403K, committed 96384K, reserved 557056K
  class space    used 13148K, committed 13632K, reserved 425984K
}
Event: 23.449 GC heap after
{Heap after GC invocations=42 (full 0):
 garbage-first heap   total 220160K, used 120006K [0x0000000080000000, 0x0000000100000000)
  region size 1024K, 7 young (7168K), 7 survivors (7168K)
 Metaspace       used 95403K, committed 96384K, reserved 557056K
  class space    used 13148K, committed 13632K, reserved 425984K
}
Event: 24.467 GC heap before
{Heap before GC invocations=42 (full 0):
 garbage-first heap   total 220160K, used 182470K [0x0000000080000000, 0x0000000100000000)
  region size 1024K, 67 young (68608K), 7 survivors (7168K)
 Metaspace       used 99412K, committed 100416K, reserved 557056K
  class space    used 13850K, committed 14336K, reserved 425984K
}
Event: 24.474 GC heap after
{Heap after GC invocations=43 (full 0):
 garbage-first heap   total 220160K, used 122267K [0x0000000080000000, 0x0000000100000000)
  region size 1024K, 6 young (6144K), 6 survivors (6144K)
 Metaspace       used 99412K, committed 100416K, reserved 557056K
  class space    used 13850K, committed 14336K, reserved 425984K
}
Event: 25.399 GC heap before
{Heap before GC invocations=43 (full 0):
 garbage-first heap   total 220160K, used 183707K [0x0000000080000000, 0x0000000100000000)
  region size 1024K, 66 young (67584K), 6 survivors (6144K)
 Metaspace       used 103267K, committed 104320K, reserved 557056K
  class space    used 14333K, committed 14848K, reserved 425984K
}
Event: 25.404 GC heap after
{Heap after GC invocations=44 (full 0):
 garbage-first heap   total 220160K, used 124657K [0x0000000080000000, 0x0000000100000000)
  region size 1024K, 5 young (5120K), 5 survivors (5120K)
 Metaspace       used 103267K, committed 104320K, reserved 557056K
  class space    used 14333K, committed 14848K, reserved 425984K
}
Event: 26.373 GC heap before
{Heap before GC invocations=44 (full 0):
 garbage-first heap   total 220160K, used 185073K [0x0000000080000000, 0x0000000100000000)
  region size 1024K, 64 young (65536K), 5 survivors (5120K)
 Metaspace       used 105067K, committed 106176K, reserved 557056K
  class space    used 14578K, committed 15104K, reserved 425984K
}
Event: 26.380 GC heap after
{Heap after GC invocations=45 (full 0):
 garbage-first heap   total 220160K, used 130643K [0x0000000080000000, 0x0000000100000000)
  region size 1024K, 8 young (8192K), 8 survivors (8192K)
 Metaspace       used 105067K, committed 106176K, reserved 557056K
  class space    used 14578K, committed 15104K, reserved 425984K
}

