# JRE version: OpenJDK Runtime Environment Microsoft-8035246 (17.0.8+7) (build 17.0.8+7-LTS)
# Java VM: OpenJDK 64-Bit Server VM Microsoft-8035246 (17.0.8+7-LTS, mixed mode, sharing, tiered, compressed oops, compressed class ptrs, g1 gc, windows-amd64)
GC Precious Log:
 CPUs: 16 total, 16 available
 Memory: 16109M
 Large Page Support: Disabled
 NUMA Support: Disabled
 Compressed Oops: Enabled (32-bit)
 Heap Region Size: 1M
 Heap Min Capacity: 8M
 Heap Initial Capacity: 252M
 Heap Max Capacity: 2G
 Pre-touch: Disabled
 Parallel Workers: 13
 Concurrent Workers: 3
 Concurrent Refinement Workers: 13
 Periodic GC: Disabled
Heap:
 garbage-first heap   total 157696K, used 132348K [0x0000000080000000, 0x0000000100000000)
  region size 1024K, 37 young (37888K), 4 survivors (4096K)
 Metaspace       used 73693K, committed 74560K, reserved 491520K
  class space    used 10387K, committed 10816K, reserved 425984K
GC Heap History (20 events):
Event: 13.579 GC heap before
{Heap before GC invocations=35 (full 0):
 garbage-first heap   total 122880K, used 101565K [0x0000000080000000, 0x0000000100000000)
  region size 1024K, 27 young (27648K), 4 survivors (4096K)
 Metaspace       used 72303K, committed 73152K, reserved 491520K
  class space    used 10274K, committed 10688K, reserved 425984K
}
Event: 13.582 GC heap after
{Heap after GC invocations=36 (full 0):
 garbage-first heap   total 122880K, used 79509K [0x0000000080000000, 0x0000000100000000)
  region size 1024K, 4 young (4096K), 4 survivors (4096K)
 Metaspace       used 72303K, committed 73152K, reserved 491520K
  class space    used 10274K, committed 10688K, reserved 425984K
}
Event: 14.211 GC heap before
{Heap before GC invocations=36 (full 0):
 garbage-first heap   total 122880K, used 99989K [0x0000000080000000, 0x0000000100000000)
  region size 1024K, 24 young (24576K), 4 survivors (4096K)
 Metaspace       used 72828K, committed 73792K, reserved 491520K
  class space    used 10314K, committed 10752K, reserved 425984K
}
Event: 14.214 GC heap after
{Heap after GC invocations=37 (full 0):
 garbage-first heap   total 122880K, used 82994K [0x0000000080000000, 0x0000000100000000)
  region size 1024K, 3 young (3072K), 3 survivors (3072K)
 Metaspace       used 72828K, committed 73792K, reserved 491520K
  class space    used 10314K, committed 10752K, reserved 425984K
}
Event: 14.662 GC heap before
{Heap before GC invocations=37 (full 0):
 garbage-first heap   total 122880K, used 100402K [0x0000000080000000, 0x0000000100000000)
  region size 1024K, 20 young (20480K), 3 survivors (3072K)
 Metaspace       used 73162K, committed 74048K, reserved 491520K
  class space    used 10317K, committed 10752K, reserved 425984K
}
Event: 14.665 GC heap after
{Heap after GC invocations=38 (full 0):
 garbage-first heap   total 122880K, used 86096K [0x0000000080000000, 0x0000000100000000)
  region size 1024K, 3 young (3072K), 3 survivors (3072K)
 Metaspace       used 73162K, committed 74048K, reserved 491520K
  class space    used 10317K, committed 10752K, reserved 425984K
}
Event: 14.773 GC heap before
{Heap before GC invocations=38 (full 0):
 garbage-first heap   total 122880K, used 100432K [0x0000000080000000, 0x0000000100000000)
  region size 1024K, 18 young (18432K), 3 survivors (3072K)
 Metaspace       used 73242K, committed 74112K, reserved 491520K
  class space    used 10317K, committed 10752K, reserved 425984K
}
Event: 14.776 GC heap after
{Heap after GC invocations=39 (full 0):
 garbage-first heap   total 122880K, used 88393K [0x0000000080000000, 0x0000000100000000)
  region size 1024K, 3 young (3072K), 3 survivors (3072K)
 Metaspace       used 73242K, committed 74112K, reserved 491520K
  class space    used 10317K, committed 10752K, reserved 425984K
}
Event: 14.856 GC heap before
{Heap before GC invocations=39 (full 0):
 garbage-first heap   total 122880K, used 101705K [0x0000000080000000, 0x0000000100000000)
  region size 1024K, 17 young (17408K), 3 survivors (3072K)
 Metaspace       used 73281K, committed 74176K, reserved 491520K
  class space    used 10320K, committed 10752K, reserved 425984K
}
Event: 14.858 GC heap after
{Heap after GC invocations=40 (full 0):
 garbage-first heap   total 122880K, used 89154K [0x0000000080000000, 0x0000000100000000)
  region size 1024K, 3 young (3072K), 3 survivors (3072K)
 Metaspace       used 73281K, committed 74176K, reserved 491520K
  class space    used 10320K, committed 10752K, reserved 425984K
}
Event: 14.923 GC heap before
{Heap before GC invocations=40 (full 0):
 garbage-first heap   total 122880K, used 101442K [0x0000000080000000, 0x0000000100000000)
  region size 1024K, 16 young (16384K), 3 survivors (3072K)
 Metaspace       used 73300K, committed 74176K, reserved 491520K
  class space    used 10320K, committed 10752K, reserved 425984K
}
Event: 14.926 GC heap after
{Heap after GC invocations=41 (full 0):
 garbage-first heap   total 122880K, used 89438K [0x0000000080000000, 0x0000000100000000)
  region size 1024K, 2 young (2048K), 2 survivors (2048K)
 Metaspace       used 73300K, committed 74176K, reserved 491520K
  class space    used 10320K, committed 10752K, reserved 425984K
}
Event: 14.976 GC heap before
{Heap before GC invocations=41 (full 0):
 garbage-first heap   total 122880K, used 101726K [0x0000000080000000, 0x0000000100000000)
  region size 1024K, 15 young (15360K), 2 survivors (2048K)
 Metaspace       used 73302K, committed 74176K, reserved 491520K
  class space    used 10320K, committed 10752K, reserved 425984K
}
Event: 14.978 GC heap after
{Heap after GC invocations=42 (full 0):
 garbage-first heap   total 122880K, used 90616K [0x0000000080000000, 0x0000000100000000)
  region size 1024K, 2 young (2048K), 2 survivors (2048K)
 Metaspace       used 73302K, committed 74176K, reserved 491520K
  class space    used 10320K, committed 10752K, reserved 425984K
}
Event: 15.022 GC heap before
{Heap before GC invocations=42 (full 0):
 garbage-first heap   total 122880K, used 101880K [0x0000000080000000, 0x0000000100000000)
  region size 1024K, 14 young (14336K), 2 survivors (2048K)
 Metaspace       used 73305K, committed 74176K, reserved 491520K
  class space    used 10320K, committed 10752K, reserved 425984K
}
Event: 15.024 GC heap after
{Heap after GC invocations=43 (full 0):
 garbage-first heap   total 157696K, used 91863K [0x0000000080000000, 0x0000000100000000)
  region size 1024K, 2 young (2048K), 2 survivors (2048K)
 Metaspace       used 73305K, committed 74176K, reserved 491520K
  class space    used 10320K, committed 10752K, reserved 425984K
}
Event: 15.145 GC heap before
{Heap before GC invocations=43 (full 0):
 garbage-first heap   total 157696K, used 125655K [0x0000000080000000, 0x0000000100000000)
  region size 1024K, 36 young (36864K), 2 survivors (2048K)
 Metaspace       used 73310K, committed 74176K, reserved 491520K
  class space    used 10320K, committed 10752K, reserved 425984K
}
Event: 15.149 GC heap after
{Heap after GC invocations=44 (full 0):
 garbage-first heap   total 157696K, used 93687K [0x0000000080000000, 0x0000000100000000)
  region size 1024K, 4 young (4096K), 4 survivors (4096K)
 Metaspace       used 73310K, committed 74176K, reserved 491520K
  class space    used 10320K, committed 10752K, reserved 425984K
}
Event: 15.277 GC heap before
{Heap before GC invocations=44 (full 0):
 garbage-first heap   total 157696K, used 126455K [0x0000000080000000, 0x0000000100000000)
  region size 1024K, 37 young (37888K), 4 survivors (4096K)
 Metaspace       used 73312K, committed 74176K, reserved 491520K
  class space    used 10320K, committed 10752K, reserved 425984K
}
Event: 15.280 GC heap after
{Heap after GC invocations=45 (full 0):
 garbage-first heap   total 157696K, used 94460K [0x0000000080000000, 0x0000000100000000)
  region size 1024K, 4 young (4096K), 4 survivors (4096K)
 Metaspace       used 73312K, committed 74176K, reserved 491520K
  class space    used 10320K, committed 10752K, reserved 425984K
}

