# JRE version: OpenJDK Runtime Environment Microsoft-8035246 (17.0.8+7) (build 17.0.8+7-LTS)
# Java VM: OpenJDK 64-Bit Server VM Microsoft-8035246 (17.0.8+7-LTS, mixed mode, sharing, tiered, compressed oops, compressed class ptrs, g1 gc, windows-amd64)
GC Precious Log:
 CPUs: 16 total, 16 available
 Memory: 16109M
 Large Page Support: Disabled
 NUMA Support: Disabled
 Compressed Oops: Enabled (32-bit)
 Heap Region Size: 1M
 Heap Min Capacity: 8M
 Heap Initial Capacity: 252M
 Heap Max Capacity: 2G
 Pre-touch: Disabled
 Parallel Workers: 13
 Concurrent Workers: 3
 Concurrent Refinement Workers: 13
 Periodic GC: Disabled
Heap:
 garbage-first heap   total 214016K, used 150051K [0x0000000080000000, 0x0000000100000000)
  region size 1024K, 9 young (9216K), 2 survivors (2048K)
 Metaspace       used 101773K, committed 103040K, reserved 557056K
  class space    used 14258K, committed 14848K, reserved 425984K
GC Heap History (20 events):
Event: 33.061 GC heap before
{Heap before GC invocations=53 (full 0):
 garbage-first heap   total 178176K, used 153346K [0x0000000080000000, 0x0000000100000000)
  region size 1024K, 31 young (31744K), 2 survivors (2048K)
 Metaspace       used 93731K, committed 94720K, reserved 557056K
  class space    used 13122K, committed 13568K, reserved 425984K
}
Event: 33.064 GC heap after
{Heap after GC invocations=54 (full 0):
 garbage-first heap   total 178176K, used 124201K [0x0000000080000000, 0x0000000100000000)
  region size 1024K, 3 young (3072K), 3 survivors (3072K)
 Metaspace       used 93731K, committed 94720K, reserved 557056K
  class space    used 13122K, committed 13568K, reserved 425984K
}
Event: 33.344 GC heap before
{Heap before GC invocations=54 (full 0):
 garbage-first heap   total 178176K, used 153897K [0x0000000080000000, 0x0000000100000000)
  region size 1024K, 32 young (32768K), 3 survivors (3072K)
 Metaspace       used 95855K, committed 96896K, reserved 557056K
  class space    used 13421K, committed 13888K, reserved 425984K
}
Event: 33.346 GC heap after
{Heap after GC invocations=55 (full 0):
 garbage-first heap   total 178176K, used 125404K [0x0000000080000000, 0x0000000100000000)
  region size 1024K, 3 young (3072K), 3 survivors (3072K)
 Metaspace       used 95855K, committed 96896K, reserved 557056K
  class space    used 13421K, committed 13888K, reserved 425984K
}
Event: 33.622 GC heap before
{Heap before GC invocations=55 (full 0):
 garbage-first heap   total 178176K, used 154076K [0x0000000080000000, 0x0000000100000000)
  region size 1024K, 31 young (31744K), 3 survivors (3072K)
 Metaspace       used 97458K, committed 98496K, reserved 557056K
  class space    used 13619K, committed 14080K, reserved 425984K
}
Event: 33.624 GC heap after
{Heap after GC invocations=56 (full 0):
 garbage-first heap   total 178176K, used 126477K [0x0000000080000000, 0x0000000100000000)
  region size 1024K, 3 young (3072K), 3 survivors (3072K)
 Metaspace       used 97458K, committed 98496K, reserved 557056K
  class space    used 13619K, committed 14080K, reserved 425984K
}
Event: 33.931 GC heap before
{Heap before GC invocations=56 (full 0):
 garbage-first heap   total 178176K, used 155149K [0x0000000080000000, 0x0000000100000000)
  region size 1024K, 31 young (31744K), 3 survivors (3072K)
 Metaspace       used 98923K, committed 100096K, reserved 557056K
  class space    used 13833K, committed 14400K, reserved 425984K
}
Event: 33.934 GC heap after
{Heap after GC invocations=57 (full 0):
 garbage-first heap   total 178176K, used 128520K [0x0000000080000000, 0x0000000100000000)
  region size 1024K, 4 young (4096K), 4 survivors (4096K)
 Metaspace       used 98923K, committed 100096K, reserved 557056K
  class space    used 13833K, committed 14400K, reserved 425984K
}
Event: 34.195 GC heap before
{Heap before GC invocations=57 (full 0):
 garbage-first heap   total 178176K, used 152072K [0x0000000080000000, 0x0000000100000000)
  region size 1024K, 28 young (28672K), 4 survivors (4096K)
 Metaspace       used 99599K, committed 100736K, reserved 557056K
  class space    used 13915K, committed 14464K, reserved 425984K
}
Event: 34.198 GC heap after
{Heap after GC invocations=58 (full 0):
 garbage-first heap   total 178176K, used 130573K [0x0000000080000000, 0x0000000100000000)
  region size 1024K, 4 young (4096K), 4 survivors (4096K)
 Metaspace       used 99599K, committed 100736K, reserved 557056K
  class space    used 13915K, committed 14464K, reserved 425984K
}
Event: 34.546 GC heap before
{Heap before GC invocations=58 (full 0):
 garbage-first heap   total 178176K, used 153101K [0x0000000080000000, 0x0000000100000000)
  region size 1024K, 27 young (27648K), 4 survivors (4096K)
 Metaspace       used 100301K, committed 101440K, reserved 557056K
  class space    used 14013K, committed 14592K, reserved 425984K
}
Event: 34.550 GC heap after
{Heap after GC invocations=59 (full 0):
 garbage-first heap   total 178176K, used 133797K [0x0000000080000000, 0x0000000100000000)
  region size 1024K, 4 young (4096K), 4 survivors (4096K)
 Metaspace       used 100301K, committed 101440K, reserved 557056K
  class space    used 14013K, committed 14592K, reserved 425984K
}
Event: 34.690 GC heap before
{Heap before GC invocations=59 (full 0):
 garbage-first heap   total 178176K, used 151205K [0x0000000080000000, 0x0000000100000000)
  region size 1024K, 22 young (22528K), 4 survivors (4096K)
 Metaspace       used 100465K, committed 101632K, reserved 557056K
  class space    used 14035K, committed 14592K, reserved 425984K
}
Event: 34.693 GC heap after
{Heap after GC invocations=60 (full 0):
 garbage-first heap   total 178176K, used 135755K [0x0000000080000000, 0x0000000100000000)
  region size 1024K, 3 young (3072K), 3 survivors (3072K)
 Metaspace       used 100465K, committed 101632K, reserved 557056K
  class space    used 14035K, committed 14592K, reserved 425984K
}
Event: 34.870 GC heap before
{Heap before GC invocations=60 (full 0):
 garbage-first heap   total 178176K, used 153163K [0x0000000080000000, 0x0000000100000000)
  region size 1024K, 20 young (20480K), 3 survivors (3072K)
 Metaspace       used 100991K, committed 102144K, reserved 557056K
  class space    used 14110K, committed 14656K, reserved 425984K
}
Event: 34.873 GC heap after
{Heap after GC invocations=61 (full 0):
 garbage-first heap   total 178176K, used 138481K [0x0000000080000000, 0x0000000100000000)
  region size 1024K, 3 young (3072K), 3 survivors (3072K)
 Metaspace       used 100991K, committed 102144K, reserved 557056K
  class space    used 14110K, committed 14656K, reserved 425984K
}
Event: 35.068 GC heap before
{Heap before GC invocations=61 (full 0):
 garbage-first heap   total 178176K, used 152817K [0x0000000080000000, 0x0000000100000000)
  region size 1024K, 17 young (17408K), 3 survivors (3072K)
 Metaspace       used 101732K, committed 102912K, reserved 557056K
  class space    used 14257K, committed 14848K, reserved 425984K
}
Event: 35.071 GC heap after
{Heap after GC invocations=62 (full 0):
 garbage-first heap   total 178176K, used 140544K [0x0000000080000000, 0x0000000100000000)
  region size 1024K, 3 young (3072K), 3 survivors (3072K)
 Metaspace       used 101732K, committed 102912K, reserved 557056K
  class space    used 14257K, committed 14848K, reserved 425984K
}
Event: 35.245 GC heap before
{Heap before GC invocations=62 (full 0):
 garbage-first heap   total 178176K, used 151808K [0x0000000080000000, 0x0000000100000000)
  region size 1024K, 15 young (15360K), 3 survivors (3072K)
 Metaspace       used 101769K, committed 102976K, reserved 557056K
  class space    used 14258K, committed 14848K, reserved 425984K
}
Event: 35.247 GC heap after
{Heap after GC invocations=63 (full 0):
 garbage-first heap   total 178176K, used 142565K [0x0000000080000000, 0x0000000100000000)
  region size 1024K, 2 young (2048K), 2 survivors (2048K)
 Metaspace       used 101769K, committed 102976K, reserved 557056K
  class space    used 14258K, committed 14848K, reserved 425984K
}

