# JRE version: OpenJDK Runtime Environment Microsoft-8035246 (17.0.8+7) (build 17.0.8+7-LTS)
# Java VM: OpenJDK 64-Bit Server VM Microsoft-8035246 (17.0.8+7-LTS, mixed mode, sharing, tiered, compressed oops, compressed class ptrs, g1 gc, windows-amd64)
GC Precious Log:
 CPUs: 16 total, 16 available
 Memory: 16109M
 Large Page Support: Disabled
 NUMA Support: Disabled
 Compressed Oops: Enabled (32-bit)
 Heap Region Size: 1M
 Heap Min Capacity: 8M
 Heap Initial Capacity: 252M
 Heap Max Capacity: 2G
 Pre-touch: Disabled
 Parallel Workers: 13
 Concurrent Workers: 3
 Concurrent Refinement Workers: 13
 Periodic GC: Disabled
Heap:
 garbage-first heap   total 273408K, used 159025K [0x0000000080000000, 0x0000000100000000)
  region size 1024K, 68 young (69632K), 2 survivors (2048K)
 Metaspace       used 73576K, committed 74496K, reserved 491520K
  class space    used 10381K, committed 10816K, reserved 425984K
GC Heap History (20 events):
Event: 10.258 GC heap before
{Heap before GC invocations=19 (full 0):
 garbage-first heap   total 124928K, used 102269K [0x0000000080000000, 0x0000000100000000)
  region size 1024K, 44 young (45056K), 3 survivors (3072K)
 Metaspace       used 63425K, committed 64064K, reserved 491520K
  class space    used 8997K, committed 9344K, reserved 425984K
}
Event: 10.262 GC heap after
{Heap after GC invocations=20 (full 0):
 garbage-first heap   total 124928K, used 63898K [0x0000000080000000, 0x0000000100000000)
  region size 1024K, 6 young (6144K), 6 survivors (6144K)
 Metaspace       used 63425K, committed 64064K, reserved 491520K
  class space    used 8997K, committed 9344K, reserved 425984K
}
Event: 10.767 GC heap before
{Heap before GC invocations=20 (full 0):
 garbage-first heap   total 124928K, used 99738K [0x0000000080000000, 0x0000000100000000)
  region size 1024K, 42 young (43008K), 6 survivors (6144K)
 Metaspace       used 64632K, committed 65344K, reserved 491520K
  class space    used 9147K, committed 9536K, reserved 425984K
}
Event: 10.769 GC heap after
{Heap after GC invocations=21 (full 0):
 garbage-first heap   total 124928K, used 66471K [0x0000000080000000, 0x0000000100000000)
  region size 1024K, 5 young (5120K), 5 survivors (5120K)
 Metaspace       used 64632K, committed 65344K, reserved 491520K
  class space    used 9147K, committed 9536K, reserved 425984K
}
Event: 11.232 GC heap before
{Heap before GC invocations=22 (full 0):
 garbage-first heap   total 124928K, used 100263K [0x0000000080000000, 0x0000000100000000)
  region size 1024K, 38 young (38912K), 5 survivors (5120K)
 Metaspace       used 66676K, committed 67456K, reserved 491520K
  class space    used 9452K, committed 9856K, reserved 425984K
}
Event: 11.235 GC heap after
{Heap after GC invocations=23 (full 0):
 garbage-first heap   total 124928K, used 68550K [0x0000000080000000, 0x0000000100000000)
  region size 1024K, 5 young (5120K), 5 survivors (5120K)
 Metaspace       used 66676K, committed 67456K, reserved 491520K
  class space    used 9452K, committed 9856K, reserved 425984K
}
Event: 11.249 GC heap before
{Heap before GC invocations=23 (full 0):
 garbage-first heap   total 124928K, used 69574K [0x0000000080000000, 0x0000000100000000)
  region size 1024K, 6 young (6144K), 5 survivors (5120K)
 Metaspace       used 66735K, committed 67520K, reserved 491520K
  class space    used 9461K, committed 9856K, reserved 425984K
}
Event: 11.252 GC heap after
{Heap after GC invocations=24 (full 0):
 garbage-first heap   total 124928K, used 68095K [0x0000000080000000, 0x0000000100000000)
  region size 1024K, 1 young (1024K), 1 survivors (1024K)
 Metaspace       used 66735K, committed 67520K, reserved 491520K
  class space    used 9461K, committed 9856K, reserved 425984K
}
Event: 12.100 GC heap before
{Heap before GC invocations=24 (full 0):
 garbage-first heap   total 124928K, used 100863K [0x0000000080000000, 0x0000000100000000)
  region size 1024K, 33 young (33792K), 1 survivors (1024K)
 Metaspace       used 69213K, committed 70016K, reserved 491520K
  class space    used 9807K, committed 10176K, reserved 425984K
}
Event: 12.103 GC heap after
{Heap after GC invocations=25 (full 0):
 garbage-first heap   total 124928K, used 70433K [0x0000000080000000, 0x0000000100000000)
  region size 1024K, 3 young (3072K), 3 survivors (3072K)
 Metaspace       used 69213K, committed 70016K, reserved 491520K
  class space    used 9807K, committed 10176K, reserved 425984K
}
Event: 12.503 GC heap before
{Heap before GC invocations=26 (full 0):
 garbage-first heap   total 124928K, used 100129K [0x0000000080000000, 0x0000000100000000)
  region size 1024K, 33 young (33792K), 3 survivors (3072K)
 Metaspace       used 71067K, committed 71872K, reserved 491520K
  class space    used 10129K, committed 10496K, reserved 425984K
}
Event: 12.506 GC heap after
{Heap after GC invocations=27 (full 0):
 garbage-first heap   total 124928K, used 75131K [0x0000000080000000, 0x0000000100000000)
  region size 1024K, 5 young (5120K), 5 survivors (5120K)
 Metaspace       used 71067K, committed 71872K, reserved 491520K
  class space    used 10129K, committed 10496K, reserved 425984K
}
Event: 12.508 GC heap before
{Heap before GC invocations=27 (full 0):
 garbage-first heap   total 124928K, used 76155K [0x0000000080000000, 0x0000000100000000)
  region size 1024K, 6 young (6144K), 5 survivors (5120K)
 Metaspace       used 71073K, committed 71872K, reserved 491520K
  class space    used 10129K, committed 10496K, reserved 425984K
}
Event: 12.511 GC heap after
{Heap after GC invocations=28 (full 0):
 garbage-first heap   total 124928K, used 75209K [0x0000000080000000, 0x0000000100000000)
  region size 1024K, 1 young (1024K), 1 survivors (1024K)
 Metaspace       used 71073K, committed 71872K, reserved 491520K
  class space    used 10129K, committed 10496K, reserved 425984K
}
Event: 12.832 GC heap before
{Heap before GC invocations=28 (full 0):
 garbage-first heap   total 124928K, used 101833K [0x0000000080000000, 0x0000000100000000)
  region size 1024K, 27 young (27648K), 1 survivors (1024K)
 Metaspace       used 72140K, committed 73024K, reserved 491520K
  class space    used 10265K, committed 10688K, reserved 425984K
}
Event: 12.836 GC heap after
{Heap after GC invocations=29 (full 0):
 garbage-first heap   total 290816K, used 79992K [0x0000000080000000, 0x0000000100000000)
  region size 1024K, 4 young (4096K), 4 survivors (4096K)
 Metaspace       used 72140K, committed 73024K, reserved 491520K
  class space    used 10265K, committed 10688K, reserved 425984K
}
Event: 13.800 GC heap before
{Heap before GC invocations=30 (full 0):
 garbage-first heap   total 273408K, used 219256K [0x0000000080000000, 0x0000000100000000)
  region size 1024K, 140 young (143360K), 4 survivors (4096K)
 Metaspace       used 73168K, committed 74112K, reserved 491520K
  class space    used 10311K, committed 10752K, reserved 425984K
}
Event: 13.805 GC heap after
{Heap after GC invocations=31 (full 0):
 garbage-first heap   total 273408K, used 87069K [0x0000000080000000, 0x0000000100000000)
  region size 1024K, 11 young (11264K), 11 survivors (11264K)
 Metaspace       used 73168K, committed 74112K, reserved 491520K
  class space    used 10311K, committed 10752K, reserved 425984K
}
Event: 13.809 GC heap before
{Heap before GC invocations=31 (full 0):
 garbage-first heap   total 273408K, used 89117K [0x0000000080000000, 0x0000000100000000)
  region size 1024K, 13 young (13312K), 11 survivors (11264K)
 Metaspace       used 73168K, committed 74112K, reserved 491520K
  class space    used 10311K, committed 10752K, reserved 425984K
}
Event: 13.813 GC heap after
{Heap after GC invocations=32 (full 0):
 garbage-first heap   total 273408K, used 87345K [0x0000000080000000, 0x0000000100000000)
  region size 1024K, 2 young (2048K), 2 survivors (2048K)
 Metaspace       used 73168K, committed 74112K, reserved 491520K
  class space    used 10311K, committed 10752K, reserved 425984K
}

