# JRE version: OpenJDK Runtime Environment Microsoft-8035246 (17.0.8+7) (build 17.0.8+7-LTS)
# Java VM: OpenJDK 64-Bit Server VM Microsoft-8035246 (17.0.8+7-LTS, mixed mode, sharing, tiered, compressed oops, compressed class ptrs, g1 gc, windows-amd64)
GC Precious Log:
 CPUs: 16 total, 16 available
 Memory: 16109M
 Large Page Support: Disabled
 NUMA Support: Disabled
 Compressed Oops: Enabled (32-bit)
 Heap Region Size: 1M
 Heap Min Capacity: 8M
 Heap Initial Capacity: 252M
 Heap Max Capacity: 2G
 Pre-touch: Disabled
 Parallel Workers: 13
 Concurrent Workers: 3
 Concurrent Refinement Workers: 13
 Periodic GC: Disabled
Heap:
 garbage-first heap   total 266240K, used 165631K [0x0000000080000000, 0x0000000100000000)
  region size 1024K, 37 young (37888K), 6 survivors (6144K)
 Metaspace       used 99755K, committed 100800K, reserved 557056K
  class space    used 13919K, committed 14400K, reserved 425984K
GC Heap History (20 events):
Event: 8.156 GC heap before
{Heap before GC invocations=31 (full 0):
 garbage-first heap   total 133120K, used 78161K [0x0000000080000000, 0x0000000100000000)
  region size 1024K, 6 young (6144K), 3 survivors (3072K)
 Metaspace       used 68187K, committed 68928K, reserved 491520K
  class space    used 9638K, committed 9984K, reserved 425984K
}
Event: 8.159 GC heap after
{Heap after GC invocations=32 (full 0):
 garbage-first heap   total 133120K, used 73026K [0x0000000080000000, 0x0000000100000000)
  region size 1024K, 1 young (1024K), 1 survivors (1024K)
 Metaspace       used 68187K, committed 68928K, reserved 491520K
  class space    used 9638K, committed 9984K, reserved 425984K
}
Event: 9.247 GC heap before
{Heap before GC invocations=32 (full 0):
 garbage-first heap   total 133120K, used 107842K [0x0000000080000000, 0x0000000100000000)
  region size 1024K, 36 young (36864K), 1 survivors (1024K)
 Metaspace       used 70719K, committed 71488K, reserved 491520K
  class space    used 10067K, committed 10432K, reserved 425984K
}
Event: 9.252 GC heap after
{Heap after GC invocations=33 (full 0):
 garbage-first heap   total 266240K, used 76292K [0x0000000080000000, 0x0000000100000000)
  region size 1024K, 4 young (4096K), 4 survivors (4096K)
 Metaspace       used 70719K, committed 71488K, reserved 491520K
  class space    used 10067K, committed 10432K, reserved 425984K
}
Event: 10.564 GC heap before
{Heap before GC invocations=33 (full 0):
 garbage-first heap   total 266240K, used 204292K [0x0000000080000000, 0x0000000100000000)
  region size 1024K, 129 young (132096K), 4 survivors (4096K)
 Metaspace       used 73004K, committed 73856K, reserved 491520K
  class space    used 10274K, committed 10688K, reserved 425984K
}
Event: 10.570 GC heap after
{Heap after GC invocations=34 (full 0):
 garbage-first heap   total 266240K, used 85729K [0x0000000080000000, 0x0000000100000000)
  region size 1024K, 13 young (13312K), 13 survivors (13312K)
 Metaspace       used 73004K, committed 73856K, reserved 491520K
  class space    used 10274K, committed 10688K, reserved 425984K
}
Event: 11.010 GC heap before
{Heap before GC invocations=34 (full 0):
 garbage-first heap   total 266240K, used 209633K [0x0000000080000000, 0x0000000100000000)
  region size 1024K, 128 young (131072K), 13 survivors (13312K)
 Metaspace       used 73944K, committed 74816K, reserved 491520K
  class space    used 10397K, committed 10816K, reserved 425984K
}
Event: 11.017 GC heap after
{Heap after GC invocations=35 (full 0):
 garbage-first heap   total 266240K, used 98977K [0x0000000080000000, 0x0000000100000000)
  region size 1024K, 11 young (11264K), 11 survivors (11264K)
 Metaspace       used 73944K, committed 74816K, reserved 491520K
  class space    used 10397K, committed 10816K, reserved 425984K
}
Event: 11.776 GC heap before
{Heap before GC invocations=35 (full 0):
 garbage-first heap   total 266240K, used 211617K [0x0000000080000000, 0x0000000100000000)
  region size 1024K, 115 young (117760K), 11 survivors (11264K)
 Metaspace       used 81652K, committed 82624K, reserved 557056K
  class space    used 11322K, committed 11776K, reserved 425984K
}
Event: 11.781 GC heap after
{Heap after GC invocations=36 (full 0):
 garbage-first heap   total 266240K, used 107477K [0x0000000080000000, 0x0000000100000000)
  region size 1024K, 7 young (7168K), 7 survivors (7168K)
 Metaspace       used 81652K, committed 82624K, reserved 557056K
  class space    used 11322K, committed 11776K, reserved 425984K
}
Event: 12.533 GC heap before
{Heap before GC invocations=36 (full 0):
 garbage-first heap   total 266240K, used 211925K [0x0000000080000000, 0x0000000100000000)
  region size 1024K, 107 young (109568K), 7 survivors (7168K)
 Metaspace       used 87670K, committed 88704K, reserved 557056K
  class space    used 12180K, committed 12672K, reserved 425984K
}
Event: 12.536 GC heap after
{Heap after GC invocations=37 (full 0):
 garbage-first heap   total 266240K, used 113916K [0x0000000080000000, 0x0000000100000000)
  region size 1024K, 11 young (11264K), 11 survivors (11264K)
 Metaspace       used 87670K, committed 88704K, reserved 557056K
  class space    used 12180K, committed 12672K, reserved 425984K
}
Event: 13.567 GC heap before
{Heap before GC invocations=37 (full 0):
 garbage-first heap   total 266240K, used 215292K [0x0000000080000000, 0x0000000100000000)
  region size 1024K, 109 young (111616K), 11 survivors (11264K)
 Metaspace       used 91650K, committed 92608K, reserved 557056K
  class space    used 12763K, committed 13248K, reserved 425984K
}
Event: 13.571 GC heap after
{Heap after GC invocations=38 (full 0):
 garbage-first heap   total 266240K, used 118480K [0x0000000080000000, 0x0000000100000000)
  region size 1024K, 10 young (10240K), 10 survivors (10240K)
 Metaspace       used 91650K, committed 92608K, reserved 557056K
  class space    used 12763K, committed 13248K, reserved 425984K
}
Event: 14.385 GC heap before
{Heap before GC invocations=38 (full 0):
 garbage-first heap   total 266240K, used 215760K [0x0000000080000000, 0x0000000100000000)
  region size 1024K, 105 young (107520K), 10 survivors (10240K)
 Metaspace       used 97977K, committed 99008K, reserved 557056K
  class space    used 13705K, committed 14208K, reserved 425984K
}
Event: 14.391 GC heap after
{Heap after GC invocations=39 (full 0):
 garbage-first heap   total 266240K, used 121675K [0x0000000080000000, 0x0000000100000000)
  region size 1024K, 9 young (9216K), 9 survivors (9216K)
 Metaspace       used 97977K, committed 99008K, reserved 557056K
  class space    used 13705K, committed 14208K, reserved 425984K
}
Event: 15.063 GC heap before
{Heap before GC invocations=39 (full 0):
 garbage-first heap   total 266240K, used 216907K [0x0000000080000000, 0x0000000100000000)
  region size 1024K, 103 young (105472K), 9 survivors (9216K)
 Metaspace       used 99709K, committed 100736K, reserved 557056K
  class space    used 13909K, committed 14400K, reserved 425984K
}
Event: 15.069 GC heap after
{Heap after GC invocations=40 (full 0):
 garbage-first heap   total 266240K, used 131834K [0x0000000080000000, 0x0000000100000000)
  region size 1024K, 13 young (13312K), 13 survivors (13312K)
 Metaspace       used 99709K, committed 100736K, reserved 557056K
  class space    used 13909K, committed 14400K, reserved 425984K
}
Event: 15.206 GC heap before
{Heap before GC invocations=40 (full 0):
 garbage-first heap   total 266240K, used 216826K [0x0000000080000000, 0x0000000100000000)
  region size 1024K, 97 young (99328K), 13 survivors (13312K)
 Metaspace       used 99713K, committed 100736K, reserved 557056K
  class space    used 13909K, committed 14400K, reserved 425984K
}
Event: 15.211 GC heap after
{Heap after GC invocations=41 (full 0):
 garbage-first heap   total 266240K, used 134911K [0x0000000080000000, 0x0000000100000000)
  region size 1024K, 6 young (6144K), 6 survivors (6144K)
 Metaspace       used 99713K, committed 100736K, reserved 557056K
  class space    used 13909K, committed 14400K, reserved 425984K
}

