# JRE version: OpenJDK Runtime Environment Microsoft-8035246 (17.0.8+7) (build 17.0.8+7-LTS)
# Java VM: OpenJDK 64-Bit Server VM Microsoft-8035246 (17.0.8+7-LTS, mixed mode, sharing, tiered, compressed oops, compressed class ptrs, g1 gc, windows-amd64)
GC Precious Log:
 CPUs: 8 total, 8 available
 Memory: 7937M
 Large Page Support: Disabled
 NUMA Support: Disabled
 Compressed Oops: Enabled (32-bit)
 Heap Region Size: 1M
 Heap Min Capacity: 8M
 Heap Initial Capacity: 126M
 Heap Max Capacity: 1986M
 Pre-touch: Disabled
 Parallel Workers: 8
 Concurrent Workers: 2
 Concurrent Refinement Workers: 8
 Periodic GC: Disabled
Heap:
 garbage-first heap   total 145408K, used 89908K [0x0000000083e00000, 0x0000000100000000)
  region size 1024K, 28 young (28672K), 1 survivors (1024K)
 Metaspace       used 53976K, committed 54272K, reserved 1114112K
  class space    used 6371K, committed 6528K, reserved 1048576K
GC Heap History (20 events):
Event: 14.071 GC heap before
{Heap before GC invocations=9 (full 0):
 garbage-first heap   total 61440K, used 46174K [0x0000000083e00000, 0x0000000100000000)
  region size 1024K, 19 young (19456K), 2 survivors (2048K)
 Metaspace       used 40212K, committed 40512K, reserved 1114112K
  class space    used 4787K, committed 4928K, reserved 1048576K
}
Event: 14.088 GC heap after
{Heap after GC invocations=10 (full 0):
 garbage-first heap   total 61440K, used 31894K [0x0000000083e00000, 0x0000000100000000)
  region size 1024K, 3 young (3072K), 3 survivors (3072K)
 Metaspace       used 40212K, committed 40512K, reserved 1114112K
  class space    used 4787K, committed 4928K, reserved 1048576K
}
Event: 14.752 GC heap before
{Heap before GC invocations=10 (full 0):
 garbage-first heap   total 61440K, used 45206K [0x0000000083e00000, 0x0000000100000000)
  region size 1024K, 17 young (17408K), 3 survivors (3072K)
 Metaspace       used 44233K, committed 44416K, reserved 1114112K
  class space    used 5285K, committed 5376K, reserved 1048576K
}
Event: 14.766 GC heap after
{Heap after GC invocations=11 (full 0):
 garbage-first heap   total 76800K, used 33453K [0x0000000083e00000, 0x0000000100000000)
  region size 1024K, 2 young (2048K), 2 survivors (2048K)
 Metaspace       used 44233K, committed 44416K, reserved 1114112K
  class space    used 5285K, committed 5376K, reserved 1048576K
}
Event: 16.824 GC heap before
{Heap before GC invocations=12 (full 0):
 garbage-first heap   total 76800K, used 55981K [0x0000000083e00000, 0x0000000100000000)
  region size 1024K, 24 young (24576K), 2 survivors (2048K)
 Metaspace       used 47239K, committed 47488K, reserved 1114112K
  class space    used 5689K, committed 5824K, reserved 1048576K
}
Event: 16.844 GC heap after
{Heap after GC invocations=13 (full 0):
 garbage-first heap   total 76800K, used 38609K [0x0000000083e00000, 0x0000000100000000)
  region size 1024K, 3 young (3072K), 3 survivors (3072K)
 Metaspace       used 47239K, committed 47488K, reserved 1114112K
  class space    used 5689K, committed 5824K, reserved 1048576K
}
Event: 16.961 GC heap before
{Heap before GC invocations=13 (full 0):
 garbage-first heap   total 76800K, used 42705K [0x0000000083e00000, 0x0000000100000000)
  region size 1024K, 8 young (8192K), 3 survivors (3072K)
 Metaspace       used 47626K, committed 47936K, reserved 1114112K
  class space    used 5714K, committed 5824K, reserved 1048576K
}
Event: 16.977 GC heap after
{Heap after GC invocations=14 (full 0):
 garbage-first heap   total 76800K, used 39728K [0x0000000083e00000, 0x0000000100000000)
  region size 1024K, 1 young (1024K), 1 survivors (1024K)
 Metaspace       used 47626K, committed 47936K, reserved 1114112K
  class space    used 5714K, committed 5824K, reserved 1048576K
}
Event: 17.158 GC heap before
{Heap before GC invocations=15 (full 0):
 garbage-first heap   total 86016K, used 58160K [0x0000000083e00000, 0x0000000100000000)
  region size 1024K, 18 young (18432K), 1 survivors (1024K)
 Metaspace       used 47671K, committed 47936K, reserved 1114112K
  class space    used 5714K, committed 5824K, reserved 1048576K
}
Event: 17.171 GC heap after
{Heap after GC invocations=16 (full 0):
 garbage-first heap   total 86016K, used 47168K [0x0000000083e00000, 0x0000000100000000)
  region size 1024K, 3 young (3072K), 3 survivors (3072K)
 Metaspace       used 47671K, committed 47936K, reserved 1114112K
  class space    used 5714K, committed 5824K, reserved 1048576K
}
Event: 17.768 GC heap before
{Heap before GC invocations=16 (full 0):
 garbage-first heap   total 86016K, used 63552K [0x0000000083e00000, 0x0000000100000000)
  region size 1024K, 19 young (19456K), 3 survivors (3072K)
 Metaspace       used 48072K, committed 48320K, reserved 1114112K
  class space    used 5737K, committed 5824K, reserved 1048576K
}
Event: 17.786 GC heap after
{Heap after GC invocations=17 (full 0):
 garbage-first heap   total 86016K, used 52745K [0x0000000083e00000, 0x0000000100000000)
  region size 1024K, 3 young (3072K), 3 survivors (3072K)
 Metaspace       used 48072K, committed 48320K, reserved 1114112K
  class space    used 5737K, committed 5824K, reserved 1048576K
}
Event: 18.653 GC heap before
{Heap before GC invocations=18 (full 0):
 garbage-first heap   total 92160K, used 65033K [0x0000000083e00000, 0x0000000100000000)
  region size 1024K, 15 young (15360K), 3 survivors (3072K)
 Metaspace       used 48328K, committed 48576K, reserved 1114112K
  class space    used 5741K, committed 5824K, reserved 1048576K
}
Event: 18.671 GC heap after
{Heap after GC invocations=19 (full 0):
 garbage-first heap   total 92160K, used 56470K [0x0000000083e00000, 0x0000000100000000)
  region size 1024K, 2 young (2048K), 2 survivors (2048K)
 Metaspace       used 48328K, committed 48576K, reserved 1114112K
  class space    used 5741K, committed 5824K, reserved 1048576K
}
Event: 20.831 GC heap before
{Heap before GC invocations=19 (full 0):
 garbage-first heap   total 92160K, used 70806K [0x0000000083e00000, 0x0000000100000000)
  region size 1024K, 16 young (16384K), 2 survivors (2048K)
 Metaspace       used 50089K, committed 50304K, reserved 1114112K
  class space    used 5944K, committed 6080K, reserved 1048576K
}
Event: 20.848 GC heap after
{Heap after GC invocations=20 (full 0):
 garbage-first heap   total 92160K, used 59981K [0x0000000083e00000, 0x0000000100000000)
  region size 1024K, 2 young (2048K), 2 survivors (2048K)
 Metaspace       used 50089K, committed 50304K, reserved 1114112K
  class space    used 5944K, committed 6080K, reserved 1048576K
}
Event: 22.472 GC heap before
{Heap before GC invocations=21 (full 0):
 garbage-first heap   total 104448K, used 70221K [0x0000000083e00000, 0x0000000100000000)
  region size 1024K, 13 young (13312K), 2 survivors (2048K)
 Metaspace       used 51657K, committed 51968K, reserved 1114112K
  class space    used 6072K, committed 6208K, reserved 1048576K
}
Event: 22.492 GC heap after
{Heap after GC invocations=22 (full 0):
 garbage-first heap   total 104448K, used 62573K [0x0000000083e00000, 0x0000000100000000)
  region size 1024K, 2 young (2048K), 2 survivors (2048K)
 Metaspace       used 51657K, committed 51968K, reserved 1114112K
  class space    used 6072K, committed 6208K, reserved 1048576K
}
Event: 22.571 GC heap before
{Heap before GC invocations=22 (full 0):
 garbage-first heap   total 104448K, used 64621K [0x0000000083e00000, 0x0000000100000000)
  region size 1024K, 5 young (5120K), 2 survivors (2048K)
 Metaspace       used 52231K, committed 52544K, reserved 1114112K
  class space    used 6128K, committed 6272K, reserved 1048576K
}
Event: 22.580 GC heap after
{Heap after GC invocations=23 (full 0):
 garbage-first heap   total 145408K, used 63284K [0x0000000083e00000, 0x0000000100000000)
  region size 1024K, 1 young (1024K), 1 survivors (1024K)
 Metaspace       used 52231K, committed 52544K, reserved 1114112K
  class space    used 6128K, committed 6272K, reserved 1048576K
}

