# JRE version: OpenJDK Runtime Environment Microsoft-8035246 (17.0.8+7) (build 17.0.8+7-LTS)
# Java VM: OpenJDK 64-Bit Server VM Microsoft-8035246 (17.0.8+7-LTS, mixed mode, sharing, tiered, compressed oops, compressed class ptrs, g1 gc, windows-amd64)
GC Precious Log:
 CPUs: 16 total, 16 available
 Memory: 16109M
 Large Page Support: Disabled
 NUMA Support: Disabled
 Compressed Oops: Enabled (32-bit)
 Heap Region Size: 1M
 Heap Min Capacity: 8M
 Heap Initial Capacity: 252M
 Heap Max Capacity: 2G
 Pre-touch: Disabled
 Parallel Workers: 13
 Concurrent Workers: 3
 Concurrent Refinement Workers: 13
 Periodic GC: Disabled
Heap:
 garbage-first heap   total 196608K, used 159804K [0x0000000080000000, 0x0000000100000000)
  region size 1024K, 66 young (67584K), 4 survivors (4096K)
 Metaspace       used 80119K, committed 81024K, reserved 557056K
  class space    used 11154K, committed 11584K, reserved 425984K
GC Heap History (20 events):
Event: 10.611 GC heap before
{Heap before GC invocations=31 (full 0):
 garbage-first heap   total 147456K, used 68852K [0x0000000080000000, 0x0000000100000000)
  region size 1024K, 7 young (7168K), 3 survivors (3072K)
 Metaspace       used 69860K, committed 70528K, reserved 491520K
  class space    used 9761K, committed 10048K, reserved 425984K
}
Event: 10.612 GC heap after
{Heap after GC invocations=32 (full 0):
 garbage-first heap   total 147456K, used 65656K [0x0000000080000000, 0x0000000100000000)
  region size 1024K, 1 young (1024K), 1 survivors (1024K)
 Metaspace       used 69860K, committed 70528K, reserved 491520K
  class space    used 9761K, committed 10048K, reserved 425984K
}
Event: 11.477 GC heap before
{Heap before GC invocations=32 (full 0):
 garbage-first heap   total 147456K, used 118904K [0x0000000080000000, 0x0000000100000000)
  region size 1024K, 53 young (54272K), 1 survivors (1024K)
 Metaspace       used 71409K, committed 72192K, reserved 491520K
  class space    used 9949K, committed 10304K, reserved 425984K
}
Event: 11.479 GC heap after
{Heap after GC invocations=33 (full 0):
 garbage-first heap   total 147456K, used 70760K [0x0000000080000000, 0x0000000100000000)
  region size 1024K, 6 young (6144K), 6 survivors (6144K)
 Metaspace       used 71409K, committed 72192K, reserved 491520K
  class space    used 9949K, committed 10304K, reserved 425984K
}
Event: 12.666 GC heap before
{Heap before GC invocations=33 (full 0):
 garbage-first heap   total 147456K, used 117864K [0x0000000080000000, 0x0000000100000000)
  region size 1024K, 53 young (54272K), 6 survivors (6144K)
 Metaspace       used 75209K, committed 76096K, reserved 557056K
  class space    used 10492K, committed 10944K, reserved 425984K
}
Event: 12.670 GC heap after
{Heap after GC invocations=34 (full 0):
 garbage-first heap   total 147456K, used 74415K [0x0000000080000000, 0x0000000100000000)
  region size 1024K, 4 young (4096K), 4 survivors (4096K)
 Metaspace       used 75209K, committed 76096K, reserved 557056K
  class space    used 10492K, committed 10944K, reserved 425984K
}
Event: 13.393 GC heap before
{Heap before GC invocations=34 (full 0):
 garbage-first heap   total 147456K, used 118447K [0x0000000080000000, 0x0000000100000000)
  region size 1024K, 48 young (49152K), 4 survivors (4096K)
 Metaspace       used 77699K, committed 78528K, reserved 557056K
  class space    used 10910K, committed 11328K, reserved 425984K
}
Event: 13.397 GC heap after
{Heap after GC invocations=35 (full 0):
 garbage-first heap   total 147456K, used 80604K [0x0000000080000000, 0x0000000100000000)
  region size 1024K, 6 young (6144K), 6 survivors (6144K)
 Metaspace       used 77699K, committed 78528K, reserved 557056K
  class space    used 10910K, committed 11328K, reserved 425984K
}
Event: 14.178 GC heap before
{Heap before GC invocations=36 (full 0):
 garbage-first heap   total 150528K, used 119516K [0x0000000080000000, 0x0000000100000000)
  region size 1024K, 44 young (45056K), 6 survivors (6144K)
 Metaspace       used 79051K, committed 79936K, reserved 557056K
  class space    used 11078K, committed 11456K, reserved 425984K
}
Event: 14.182 GC heap after
{Heap after GC invocations=37 (full 0):
 garbage-first heap   total 150528K, used 85152K [0x0000000080000000, 0x0000000100000000)
  region size 1024K, 6 young (6144K), 6 survivors (6144K)
 Metaspace       used 79051K, committed 79936K, reserved 557056K
  class space    used 11078K, committed 11456K, reserved 425984K
}
Event: 14.227 GC heap before
{Heap before GC invocations=37 (full 0):
 garbage-first heap   total 150528K, used 86176K [0x0000000080000000, 0x0000000100000000)
  region size 1024K, 7 young (7168K), 6 survivors (6144K)
 Metaspace       used 79094K, committed 79936K, reserved 557056K
  class space    used 11078K, committed 11456K, reserved 425984K
}
Event: 14.230 GC heap after
{Heap after GC invocations=38 (full 0):
 garbage-first heap   total 150528K, used 84291K [0x0000000080000000, 0x0000000100000000)
  region size 1024K, 1 young (1024K), 1 survivors (1024K)
 Metaspace       used 79094K, committed 79936K, reserved 557056K
  class space    used 11078K, committed 11456K, reserved 425984K
}
Event: 14.797 GC heap before
{Heap before GC invocations=38 (full 0):
 garbage-first heap   total 150528K, used 120131K [0x0000000080000000, 0x0000000100000000)
  region size 1024K, 36 young (36864K), 1 survivors (1024K)
 Metaspace       used 79649K, committed 80576K, reserved 557056K
  class space    used 11082K, committed 11520K, reserved 425984K
}
Event: 14.800 GC heap after
{Heap after GC invocations=39 (full 0):
 garbage-first heap   total 150528K, used 89490K [0x0000000080000000, 0x0000000100000000)
  region size 1024K, 5 young (5120K), 5 survivors (5120K)
 Metaspace       used 79649K, committed 80576K, reserved 557056K
  class space    used 11082K, committed 11520K, reserved 425984K
}
Event: 14.898 GC heap before
{Heap before GC invocations=39 (full 0):
 garbage-first heap   total 150528K, used 120210K [0x0000000080000000, 0x0000000100000000)
  region size 1024K, 36 young (36864K), 5 survivors (5120K)
 Metaspace       used 79694K, committed 80640K, reserved 557056K
  class space    used 11082K, committed 11520K, reserved 425984K
}
Event: 14.901 GC heap after
{Heap after GC invocations=40 (full 0):
 garbage-first heap   total 150528K, used 90781K [0x0000000080000000, 0x0000000100000000)
  region size 1024K, 4 young (4096K), 4 survivors (4096K)
 Metaspace       used 79694K, committed 80640K, reserved 557056K
  class space    used 11082K, committed 11520K, reserved 425984K
}
Event: 14.976 GC heap before
{Heap before GC invocations=40 (full 0):
 garbage-first heap   total 150528K, used 120477K [0x0000000080000000, 0x0000000100000000)
  region size 1024K, 34 young (34816K), 4 survivors (4096K)
 Metaspace       used 79712K, committed 80640K, reserved 557056K
  class space    used 11085K, committed 11520K, reserved 425984K
}
Event: 14.978 GC heap after
{Heap after GC invocations=41 (full 0):
 garbage-first heap   total 150528K, used 91724K [0x0000000080000000, 0x0000000100000000)
  region size 1024K, 4 young (4096K), 4 survivors (4096K)
 Metaspace       used 79712K, committed 80640K, reserved 557056K
  class space    used 11085K, committed 11520K, reserved 425984K
}
Event: 15.049 GC heap before
{Heap before GC invocations=41 (full 0):
 garbage-first heap   total 150528K, used 122444K [0x0000000080000000, 0x0000000100000000)
  region size 1024K, 35 young (35840K), 4 survivors (4096K)
 Metaspace       used 79714K, committed 80640K, reserved 557056K
  class space    used 11085K, committed 11520K, reserved 425984K
}
Event: 15.051 GC heap after
{Heap after GC invocations=42 (full 0):
 garbage-first heap   total 196608K, used 92220K [0x0000000080000000, 0x0000000100000000)
  region size 1024K, 4 young (4096K), 4 survivors (4096K)
 Metaspace       used 79714K, committed 80640K, reserved 557056K
  class space    used 11085K, committed 11520K, reserved 425984K
}

