# JRE version: OpenJDK Runtime Environment Microsoft-8035246 (17.0.8+7) (build 17.0.8+7-LTS)
# Java VM: OpenJDK 64-Bit Server VM Microsoft-8035246 (17.0.8+7-LTS, mixed mode, sharing, tiered, compressed oops, compressed class ptrs, g1 gc, windows-amd64)
GC Precious Log:
 CPUs: 16 total, 16 available
 Memory: 16109M
 Large Page Support: Disabled
 NUMA Support: Disabled
 Compressed Oops: Enabled (32-bit)
 Heap Region Size: 1M
 Heap Min Capacity: 8M
 Heap Initial Capacity: 252M
 Heap Max Capacity: 2G
 Pre-touch: Disabled
 Parallel Workers: 13
 Concurrent Workers: 3
 Concurrent Refinement Workers: 13
 Periodic GC: Disabled
Heap:
 garbage-first heap   total 204800K, used 149190K [0x0000000080000000, 0x0000000100000000)
  region size 1024K, 19 young (19456K), 4 survivors (4096K)
 Metaspace       used 105581K, committed 106688K, reserved 557056K
  class space    used 14664K, committed 15168K, reserved 425984K
GC Heap History (20 events):
Event: 13.992 GC heap before
{Heap before GC invocations=36 (full 0):
 garbage-first heap   total 204800K, used 165318K [0x0000000080000000, 0x0000000100000000)
  region size 1024K, 76 young (77824K), 5 survivors (5120K)
 Metaspace       used 79666K, committed 80576K, reserved 557056K
  class space    used 11094K, committed 11520K, reserved 425984K
}
Event: 13.997 GC heap after
{Heap after GC invocations=37 (full 0):
 garbage-first heap   total 204800K, used 97734K [0x0000000080000000, 0x0000000100000000)
  region size 1024K, 10 young (10240K), 10 survivors (10240K)
 Metaspace       used 79666K, committed 80576K, reserved 557056K
  class space    used 11094K, committed 11520K, reserved 425984K
}
Event: 14.535 GC heap before
{Heap before GC invocations=37 (full 0):
 garbage-first heap   total 204800K, used 163270K [0x0000000080000000, 0x0000000100000000)
  region size 1024K, 73 young (74752K), 10 survivors (10240K)
 Metaspace       used 84373K, committed 85184K, reserved 557056K
  class space    used 11638K, committed 12032K, reserved 425984K
}
Event: 14.539 GC heap after
{Heap after GC invocations=38 (full 0):
 garbage-first heap   total 204800K, used 103033K [0x0000000080000000, 0x0000000100000000)
  region size 1024K, 4 young (4096K), 4 survivors (4096K)
 Metaspace       used 84373K, committed 85184K, reserved 557056K
  class space    used 11638K, committed 12032K, reserved 425984K
}
Event: 15.070 GC heap before
{Heap before GC invocations=38 (full 0):
 garbage-first heap   total 204800K, used 169593K [0x0000000080000000, 0x0000000100000000)
  region size 1024K, 64 young (65536K), 4 survivors (4096K)
 Metaspace       used 87567K, committed 88448K, reserved 557056K
  class space    used 12067K, committed 12480K, reserved 425984K
}
Event: 15.072 GC heap after
{Heap after GC invocations=39 (full 0):
 garbage-first heap   total 204800K, used 109568K [0x0000000080000000, 0x0000000100000000)
  region size 1024K, 8 young (8192K), 8 survivors (8192K)
 Metaspace       used 87567K, committed 88448K, reserved 557056K
  class space    used 12067K, committed 12480K, reserved 425984K
}
Event: 15.537 GC heap before
{Heap before GC invocations=39 (full 0):
 garbage-first heap   total 204800K, used 168960K [0x0000000080000000, 0x0000000100000000)
  region size 1024K, 64 young (65536K), 8 survivors (8192K)
 Metaspace       used 91617K, committed 92544K, reserved 557056K
  class space    used 12613K, committed 13056K, reserved 425984K
}
Event: 15.540 GC heap after
{Heap after GC invocations=40 (full 0):
 garbage-first heap   total 204800K, used 113436K [0x0000000080000000, 0x0000000100000000)
  region size 1024K, 2 young (2048K), 2 survivors (2048K)
 Metaspace       used 91617K, committed 92544K, reserved 557056K
  class space    used 12613K, committed 13056K, reserved 425984K
}
Event: 15.995 GC heap before
{Heap before GC invocations=40 (full 0):
 garbage-first heap   total 204800K, used 169756K [0x0000000080000000, 0x0000000100000000)
  region size 1024K, 57 young (58368K), 2 survivors (2048K)
 Metaspace       used 93397K, committed 94400K, reserved 557056K
  class space    used 12895K, committed 13376K, reserved 425984K
}
Event: 15.998 GC heap after
{Heap after GC invocations=41 (full 0):
 garbage-first heap   total 204800K, used 116943K [0x0000000080000000, 0x0000000100000000)
  region size 1024K, 6 young (6144K), 6 survivors (6144K)
 Metaspace       used 93397K, committed 94400K, reserved 557056K
  class space    used 12895K, committed 13376K, reserved 425984K
}
Event: 16.544 GC heap before
{Heap before GC invocations=41 (full 0):
 garbage-first heap   total 204800K, used 170191K [0x0000000080000000, 0x0000000100000000)
  region size 1024K, 58 young (59392K), 6 survivors (6144K)
 Metaspace       used 95512K, committed 96448K, reserved 557056K
  class space    used 13189K, committed 13632K, reserved 425984K
}
Event: 16.549 GC heap after
{Heap after GC invocations=42 (full 0):
 garbage-first heap   total 204800K, used 119990K [0x0000000080000000, 0x0000000100000000)
  region size 1024K, 7 young (7168K), 7 survivors (7168K)
 Metaspace       used 95512K, committed 96448K, reserved 557056K
  class space    used 13189K, committed 13632K, reserved 425984K
}
Event: 16.967 GC heap before
{Heap before GC invocations=42 (full 0):
 garbage-first heap   total 204800K, used 172214K [0x0000000080000000, 0x0000000100000000)
  region size 1024K, 57 young (58368K), 7 survivors (7168K)
 Metaspace       used 98811K, committed 99712K, reserved 557056K
  class space    used 13767K, committed 14208K, reserved 425984K
}
Event: 16.973 GC heap after
{Heap after GC invocations=43 (full 0):
 garbage-first heap   total 204800K, used 120877K [0x0000000080000000, 0x0000000100000000)
  region size 1024K, 5 young (5120K), 5 survivors (5120K)
 Metaspace       used 98811K, committed 99712K, reserved 557056K
  class space    used 13767K, committed 14208K, reserved 425984K
}
Event: 17.362 GC heap before
{Heap before GC invocations=43 (full 0):
 garbage-first heap   total 204800K, used 173101K [0x0000000080000000, 0x0000000100000000)
  region size 1024K, 56 young (57344K), 5 survivors (5120K)
 Metaspace       used 102238K, committed 103232K, reserved 557056K
  class space    used 14221K, committed 14720K, reserved 425984K
}
Event: 17.366 GC heap after
{Heap after GC invocations=44 (full 0):
 garbage-first heap   total 204800K, used 123399K [0x0000000080000000, 0x0000000100000000)
  region size 1024K, 4 young (4096K), 4 survivors (4096K)
 Metaspace       used 102238K, committed 103232K, reserved 557056K
  class space    used 14221K, committed 14720K, reserved 425984K
}
Event: 17.696 GC heap before
{Heap before GC invocations=44 (full 0):
 garbage-first heap   total 204800K, used 174599K [0x0000000080000000, 0x0000000100000000)
  region size 1024K, 54 young (55296K), 4 survivors (4096K)
 Metaspace       used 104258K, committed 105280K, reserved 557056K
  class space    used 14519K, committed 14976K, reserved 425984K
}
Event: 17.700 GC heap after
{Heap after GC invocations=45 (full 0):
 garbage-first heap   total 204800K, used 127242K [0x0000000080000000, 0x0000000100000000)
  region size 1024K, 7 young (7168K), 7 survivors (7168K)
 Metaspace       used 104258K, committed 105280K, reserved 557056K
  class space    used 14519K, committed 14976K, reserved 425984K
}
Event: 18.182 GC heap before
{Heap before GC invocations=45 (full 0):
 garbage-first heap   total 204800K, used 173322K [0x0000000080000000, 0x0000000100000000)
  region size 1024K, 52 young (53248K), 7 survivors (7168K)
 Metaspace       used 105568K, committed 106624K, reserved 557056K
  class space    used 14664K, committed 15168K, reserved 425984K
}
Event: 18.187 GC heap after
{Heap after GC invocations=46 (full 0):
 garbage-first heap   total 204800K, used 133654K [0x0000000080000000, 0x0000000100000000)
  region size 1024K, 7 young (7168K), 7 survivors (7168K)
 Metaspace       used 105568K, committed 106624K, reserved 557056K
  class space    used 14664K, committed 15168K, reserved 425984K
}

